<?xml version="1.0" encoding="UTF-8"?>
<!-- Generated by org.testng.reporters.JUnitReportReporter -->
<testsuite hostname="DESKTOP-7BVC4R6" failures="0" tests="1" name="testclasses.LoginTest" time="0.594" errors="0" timestamp="2025-08-02T16:17:34 IST" skipped="0">
  <testcase classname="testclasses.LoginTest" name="callingEnterDetails" time="0.594"/>
  <system-out/>
</testsuite> <!-- testclasses.LoginTest -->
