<?xml version="1.0" encoding="UTF-8"?>
<!-- Generated by org.testng.reporters.JUnitReportReporter -->
<testsuite hostname="DESKTOP-7BVC4R6" failures="0" tests="1" name="testclasses.BaseClass" time="13.595" errors="0" timestamp="2025-07-27T15:52:36 IST" skipped="0">
  <testcase classname="testclasses.BaseClass" name="InItBrowser" time="13.595"/>
  <system-out/>
</testsuite> <!-- testclasses.BaseClass -->
